通用json格式
{
    "2894_eebe8dc8-4c12-11ec-ab74-0c42a13c7978.jpg": [
        {
            "category": "\u4e2d\u56fd\u56fd\u5fbd",
            "bbox": [
                140,
                29,
                38,
                42
            ]
        },
        {
            "category": "\u4e2d\u56fd\u8b66\u5fbd",
            "bbox": [
                121,
                23,
                74,
                75
            ]
        }
    ],
    'imgname':[],
    'imgname':[],
    'imgname':[],
}

coco检测数据集基本组成
--imgs
--annos
    --train.json
    --test.json
（本代码未切分验证集，可根据需要修改代码。）

voc检测数据集基本组成
--JPEGImages
--Annotations（xml文件）
--ImageSets